[0.011s] Invoking command in '/home/hrishikesh/projects/turtle_sim_project/build/hh_tt_interfaces': CMAKE_PREFIX_PATH=${CMAKE_PREFIX_PATH}:/home/hrishikesh/projects/turtle_sim_project/install/hh_turtle_bot:/home/hrishikesh/projects/ros_2/install/hh_py_pkg:/opt/ros/humble /usr/bin/cmake --build /home/hrishikesh/projects/turtle_sim_project/build/hh_tt_interfaces -- -j24 -l24
[0.041s] -- Found ament_cmake: 1.3.9 (/opt/ros/humble/share/ament_cmake/cmake)
[0.128s] -- Found rosidl_default_generators: 1.2.0 (/opt/ros/humble/share/rosidl_default_generators/cmake)
[0.131s] -- Using all available rosidl_typesupport_c: rosidl_typesupport_fastrtps_c;rosidl_typesupport_introspection_c
[0.135s] -- Found rosidl_adapter: 3.1.5 (/opt/ros/humble/share/rosidl_adapter/cmake)
[0.162s] -- Using all available rosidl_typesupport_cpp: rosidl_typesupport_fastrtps_cpp;rosidl_typesupport_introspection_cpp
[0.282s] [31mCMake Error at /opt/ros/humble/share/rosidl_adapter/cmake/rosidl_adapt_interfaces.cmake:59 (message):
[0.282s]   execute_process(/usr/bin/python3 -m rosidl_adapter --package-name
[0.282s]   hh_tt_interfaces --arguments-file
[0.282s]   /home/hrishikesh/projects/turtle_sim_project/build/hh_tt_interfaces/rosidl_adapter__arguments__hh_tt_interfaces.json
[0.282s]   --output-dir
[0.282s]   /home/hrishikesh/projects/turtle_sim_project/build/hh_tt_interfaces/rosidl_adapter/hh_tt_interfaces
[0.282s]   --output-file
[0.282s]   /home/hrishikesh/projects/turtle_sim_project/build/hh_tt_interfaces/rosidl_adapter/hh_tt_interfaces.idls)
[0.282s]   returned error code 1:
[0.282s] 
[0.282s]   Error processing 'float x' of 'hh_tt_interfaces/Turtle': ''float' is an
[0.282s]   invalid message name.  It should have the pattern '^[A-Z][A-Za-z0-9]*$''
[0.282s] 
[0.282s]   Traceback (most recent call last):
[0.282s] 
[0.282s]     File "/usr/lib/python3.10/runpy.py", line 196, in _run_module_as_main
[0.282s]       return _run_code(code, main_globals, None,
[0.283s]     File "/usr/lib/python3.10/runpy.py", line 86, in _run_code
[0.283s]       exec(code, run_globals)
[0.283s]     File "/opt/ros/humble/local/lib/python3.10/dist-packages/rosidl_adapter/__main__.py", line 19, in <module>
[0.283s]       sys.exit(main())
[0.283s]     File "/opt/ros/humble/local/lib/python3.10/dist-packages/rosidl_adapter/main.py", line 53, in main
[0.283s]       abs_idl_file = convert_to_idl(
[0.283s]     File "/opt/ros/humble/local/lib/python3.10/dist-packages/rosidl_adapter/__init__.py", line 19, in convert_to_idl
[0.283s]       return convert_msg_to_idl(
[0.283s]     File "/opt/ros/humble/local/lib/python3.10/dist-packages/rosidl_adapter/msg/__init__.py", line 28, in convert_msg_to_idl
[0.283s]       msg = parse_message_string(package_name, input_file.stem, content)
[0.283s]     File "/opt/ros/humble/local/lib/python3.10/dist-packages/rosidl_adapter/parser.py", line 520, in parse_message_string
[0.283s]       Type(type_string, context_package_name=pkg_name),
[0.283s]     File "/opt/ros/humble/local/lib/python3.10/dist-packages/rosidl_adapter/parser.py", line 277, in __init__
[0.283s]       super(Type, self).__init__(
[0.283s]     File "/opt/ros/humble/local/lib/python3.10/dist-packages/rosidl_adapter/parser.py", line 205, in __init__
[0.283s]       raise InvalidResourceName(
[0.284s] 
[0.284s]   rosidl_adapter.parser.InvalidResourceName: 'float' is an invalid message
[0.284s]   name.  It should have the pattern '^[A-Z][A-Za-z0-9]*$'
[0.284s] 
[0.284s] Call Stack (most recent call first):
[0.284s]   /opt/ros/humble/share/rosidl_cmake/cmake/rosidl_generate_interfaces.cmake:130 (rosidl_adapt_interfaces)
[0.284s]   CMakeLists.txt:12 (rosidl_generate_interfaces)
[0.284s] 
[0.284s] [0m
[0.284s] -- Configuring incomplete, errors occurred!
[0.284s] See also "/home/hrishikesh/projects/turtle_sim_project/build/hh_tt_interfaces/CMakeFiles/CMakeOutput.log".
[0.285s] gmake: *** [Makefile:963: cmake_check_build_system] Error 1
[0.287s] Invoked command in '/home/hrishikesh/projects/turtle_sim_project/build/hh_tt_interfaces' returned '2': CMAKE_PREFIX_PATH=${CMAKE_PREFIX_PATH}:/home/hrishikesh/projects/turtle_sim_project/install/hh_turtle_bot:/home/hrishikesh/projects/ros_2/install/hh_py_pkg:/opt/ros/humble /usr/bin/cmake --build /home/hrishikesh/projects/turtle_sim_project/build/hh_tt_interfaces -- -j24 -l24
